17:54:44 debug: 2024/7/11下午5:54:44
17:54:44 debug: Project: D:\CocosCreator\VideoProject
17:54:44 debug: Targets: editor,preview
17:54:44 debug: Packer deriver version file lost or format incorrect: Error: ENOENT: no such file or directory, open 'D:\CocosCreator\VideoProject\temp\programming\packer-driver\VERSION'
17:54:44 debug: Clearing out the targets...
17:54:44 debug: Engine path: D:\CocosCreator\CocosCreator3.8.3\Creator\3.8.3\resources\resources\3d\engine
17:54:44 debug: Initializing target [Editor]
17:54:44 debug: Loading cache
17:54:44 debug: Record file loaded failed with error: Error: ENOENT: no such file or directory, open 'D:\CocosCreator\VideoProject\temp\programming\packer-driver\targets\editor\main-record.json'
17:54:44 debug: Loading cache costs 0.39970000088214874ms.
17:54:44 debug: Engine features shipped in editor: base,gfx-webgl,gfx-webgl2,gfx-empty,3d,animation,skeletal-animation,2d,ui,particle,particle-2d,physics-framework,physics-2d-framework,physics-2d-box2d-wasm,intersection-2d,primitive,profiler,occlusion-query,geometry-renderer,debug-renderer,audio,video,xr,light-probe,terrain,webview,tween,tiled-map,spine,dragon-bones,marionette,procedural-animation,custom-pipeline,websocket,websocket-server,meshopt
17:54:44 debug: Our import map(foo:/bar): {
  "imports": {
    "cc": "cce:/internal/x/cc"
  }
}
17:54:44 debug: Initializing target [Preview]
17:54:44 debug: Loading cache
17:54:44 debug: Record file loaded failed with error: Error: ENOENT: no such file or directory, open 'D:\CocosCreator\VideoProject\temp\programming\packer-driver\targets\preview\main-record.json'
17:54:44 debug: Loading cache costs 0.38829999789595604ms.
17:54:44 debug: Our import map(foo:/bar): {
  "imports": {
    "cc": "cce:/internal/x/cc"
  }
}
17:54:44 debug: Sync engine features: 2d,animation,audio,base,dragon-bones,gfx-webgl,gfx-webgl2,intersection-2d,meshopt,particle-2d,physics-2d-box2d,profiler,spine,tiled-map,tween,ui,video,webview
17:54:44 debug: Reset databases. Enumerated domains: [
  {
    "root": "db://internal/",
    "physical": "D:\\CocosCreator\\CocosCreator3.8.3\\Creator\\3.8.3\\resources\\resources\\3d\\engine\\editor\\assets"
  },
  {
    "root": "db://assets/",
    "physical": "D:\\CocosCreator\\VideoProject\\assets"
  }
]
17:54:44 debug: Our import map(foo:/bar): {
  "imports": {
    "cc": "cce:/internal/x/cc",
    "db://internal/": "file:///D:/CocosCreator/CocosCreator3.8.3/Creator/3.8.3/resources/resources/3d/engine/editor/assets/",
    "db://assets/": "file:///D:/CocosCreator/VideoProject/assets/"
  }
}
17:54:44 debug: Our import map(foo:/bar): {
  "imports": {
    "cc": "cce:/internal/x/cc",
    "db://internal/": "file:///D:/CocosCreator/CocosCreator3.8.3/Creator/3.8.3/resources/resources/3d/engine/editor/assets/",
    "db://assets/": "file:///D:/CocosCreator/VideoProject/assets/"
  }
}
17:54:44 debug: Pulling asset-db.
17:54:44 debug: Fetch asset-db cost: 3.4545999988913536ms.
17:54:44 debug: Build iteration starts.
Number of accumulated asset changes: 1
Feature changed: false
17:54:44 debug: Target(editor) build started.
17:54:44 debug: Inspect cce:/internal/x/cc
17:54:45 debug: Resolve cce:/internal/x/cc-fu/base from cce:/internal/x/cc as external dependency cce:/internal/x/cc-fu/base.
17:54:45 debug: Resolve cce:/internal/x/cc-fu/gfx-webgl from cce:/internal/x/cc as external dependency cce:/internal/x/cc-fu/gfx-webgl.
17:54:45 debug: Resolve cce:/internal/x/cc-fu/gfx-webgl2 from cce:/internal/x/cc as external dependency cce:/internal/x/cc-fu/gfx-webgl2.
17:54:45 debug: Resolve cce:/internal/x/cc-fu/gfx-empty from cce:/internal/x/cc as external dependency cce:/internal/x/cc-fu/gfx-empty.
17:54:45 debug: Resolve cce:/internal/x/cc-fu/3d from cce:/internal/x/cc as external dependency cce:/internal/x/cc-fu/3d.
17:54:45 debug: Resolve cce:/internal/x/cc-fu/animation from cce:/internal/x/cc as external dependency cce:/internal/x/cc-fu/animation.
17:54:45 debug: Resolve cce:/internal/x/cc-fu/skeletal-animation from cce:/internal/x/cc as external dependency cce:/internal/x/cc-fu/skeletal-animation.
17:54:45 debug: Resolve cce:/internal/x/cc-fu/2d from cce:/internal/x/cc as external dependency cce:/internal/x/cc-fu/2d.
17:54:45 debug: Resolve cce:/internal/x/cc-fu/sorting from cce:/internal/x/cc as external dependency cce:/internal/x/cc-fu/sorting.
17:54:45 debug: Resolve cce:/internal/x/cc-fu/ui from cce:/internal/x/cc as external dependency cce:/internal/x/cc-fu/ui.
17:54:45 debug: Resolve cce:/internal/x/cc-fu/particle from cce:/internal/x/cc as external dependency cce:/internal/x/cc-fu/particle.
17:54:45 debug: Resolve cce:/internal/x/cc-fu/particle-2d from cce:/internal/x/cc as external dependency cce:/internal/x/cc-fu/particle-2d.
17:54:45 debug: Resolve cce:/internal/x/cc-fu/physics-framework from cce:/internal/x/cc as external dependency cce:/internal/x/cc-fu/physics-framework.
17:54:45 debug: Resolve cce:/internal/x/cc-fu/physics-2d-framework from cce:/internal/x/cc as external dependency cce:/internal/x/cc-fu/physics-2d-framework.
17:54:45 debug: Resolve cce:/internal/x/cc-fu/physics-2d-box2d-wasm from cce:/internal/x/cc as external dependency cce:/internal/x/cc-fu/physics-2d-box2d-wasm.
17:54:45 debug: Resolve cce:/internal/x/cc-fu/intersection-2d from cce:/internal/x/cc as external dependency cce:/internal/x/cc-fu/intersection-2d.
17:54:45 debug: Resolve cce:/internal/x/cc-fu/primitive from cce:/internal/x/cc as external dependency cce:/internal/x/cc-fu/primitive.
17:54:45 debug: Resolve cce:/internal/x/cc-fu/profiler from cce:/internal/x/cc as external dependency cce:/internal/x/cc-fu/profiler.
17:54:45 debug: Resolve cce:/internal/x/cc-fu/geometry-renderer from cce:/internal/x/cc as external dependency cce:/internal/x/cc-fu/geometry-renderer.
17:54:45 debug: Resolve cce:/internal/x/cc-fu/audio from cce:/internal/x/cc as external dependency cce:/internal/x/cc-fu/audio.
17:54:45 debug: Resolve cce:/internal/x/cc-fu/video from cce:/internal/x/cc as external dependency cce:/internal/x/cc-fu/video.
17:54:45 debug: Resolve cce:/internal/x/cc-fu/xr from cce:/internal/x/cc as external dependency cce:/internal/x/cc-fu/xr.
17:54:45 debug: Resolve cce:/internal/x/cc-fu/light-probe from cce:/internal/x/cc as external dependency cce:/internal/x/cc-fu/light-probe.
17:54:45 debug: Resolve cce:/internal/x/cc-fu/terrain from cce:/internal/x/cc as external dependency cce:/internal/x/cc-fu/terrain.
17:54:45 debug: Resolve cce:/internal/x/cc-fu/webview from cce:/internal/x/cc as external dependency cce:/internal/x/cc-fu/webview.
17:54:45 debug: Resolve cce:/internal/x/cc-fu/tween from cce:/internal/x/cc as external dependency cce:/internal/x/cc-fu/tween.
17:54:45 debug: Resolve cce:/internal/x/cc-fu/tiled-map from cce:/internal/x/cc as external dependency cce:/internal/x/cc-fu/tiled-map.
17:54:45 debug: Resolve cce:/internal/x/cc-fu/spine from cce:/internal/x/cc as external dependency cce:/internal/x/cc-fu/spine.
17:54:45 debug: Resolve cce:/internal/x/cc-fu/dragon-bones from cce:/internal/x/cc as external dependency cce:/internal/x/cc-fu/dragon-bones.
17:54:45 debug: Resolve cce:/internal/x/cc-fu/custom-pipeline from cce:/internal/x/cc as external dependency cce:/internal/x/cc-fu/custom-pipeline.
17:54:45 debug: Inspect cce:/internal/x/prerequisite-imports
17:54:45 debug: Resolve file:///D:/CocosCreator/CocosCreator3.8.3/Creator/3.8.3/resources/resources/3d/engine/editor/assets/tools/debug-view-runtime-control.ts from cce:/internal/x/prerequisite-imports as file:///D:/CocosCreator/CocosCreator3.8.3/Creator/3.8.3/resources/resources/3d/engine/editor/assets/tools/debug-view-runtime-control.ts.
17:54:45 debug: Inspect file:///D:/CocosCreator/CocosCreator3.8.3/Creator/3.8.3/resources/resources/3d/engine/editor/assets/tools/debug-view-runtime-control.ts
17:54:45 debug: Resolve cc from file:///D:/CocosCreator/CocosCreator3.8.3/Creator/3.8.3/resources/resources/3d/engine/editor/assets/tools/debug-view-runtime-control.ts as cce:/internal/x/cc.
17:54:45 debug: Resolve cc from file:///D:/CocosCreator/CocosCreator3.8.3/Creator/3.8.3/resources/resources/3d/engine/editor/assets/tools/debug-view-runtime-control.ts as cce:/internal/x/cc.
17:54:45 debug: Resolve cc from file:///D:/CocosCreator/CocosCreator3.8.3/Creator/3.8.3/resources/resources/3d/engine/editor/assets/tools/debug-view-runtime-control.ts as cce:/internal/x/cc.
17:54:45 debug: Target(editor) ends with cost 471.37269999831915ms.
17:54:45 debug: Target(preview) build started.
17:54:45 debug: Inspect cce:/internal/x/cc
17:54:45 debug: Resolve cce:/internal/x/cc-fu/2d from cce:/internal/x/cc as external dependency cce:/internal/x/cc-fu/2d.
17:54:45 debug: Resolve cce:/internal/x/cc-fu/sorting from cce:/internal/x/cc as external dependency cce:/internal/x/cc-fu/sorting.
17:54:45 debug: Resolve cce:/internal/x/cc-fu/animation from cce:/internal/x/cc as external dependency cce:/internal/x/cc-fu/animation.
17:54:45 debug: Resolve cce:/internal/x/cc-fu/audio from cce:/internal/x/cc as external dependency cce:/internal/x/cc-fu/audio.
17:54:45 debug: Resolve cce:/internal/x/cc-fu/base from cce:/internal/x/cc as external dependency cce:/internal/x/cc-fu/base.
17:54:45 debug: Resolve cce:/internal/x/cc-fu/dragon-bones from cce:/internal/x/cc as external dependency cce:/internal/x/cc-fu/dragon-bones.
17:54:45 debug: Resolve cce:/internal/x/cc-fu/gfx-webgl from cce:/internal/x/cc as external dependency cce:/internal/x/cc-fu/gfx-webgl.
17:54:45 debug: Resolve cce:/internal/x/cc-fu/gfx-webgl2 from cce:/internal/x/cc as external dependency cce:/internal/x/cc-fu/gfx-webgl2.
17:54:45 debug: Resolve cce:/internal/x/cc-fu/intersection-2d from cce:/internal/x/cc as external dependency cce:/internal/x/cc-fu/intersection-2d.
17:54:45 debug: Resolve cce:/internal/x/cc-fu/particle-2d from cce:/internal/x/cc as external dependency cce:/internal/x/cc-fu/particle-2d.
17:54:45 debug: Resolve cce:/internal/x/cc-fu/physics-2d-box2d from cce:/internal/x/cc as external dependency cce:/internal/x/cc-fu/physics-2d-box2d.
17:54:45 debug: Resolve cce:/internal/x/cc-fu/physics-2d-framework from cce:/internal/x/cc as external dependency cce:/internal/x/cc-fu/physics-2d-framework.
17:54:45 debug: Resolve cce:/internal/x/cc-fu/profiler from cce:/internal/x/cc as external dependency cce:/internal/x/cc-fu/profiler.
17:54:45 debug: Resolve cce:/internal/x/cc-fu/spine from cce:/internal/x/cc as external dependency cce:/internal/x/cc-fu/spine.
17:54:45 debug: Resolve cce:/internal/x/cc-fu/tiled-map from cce:/internal/x/cc as external dependency cce:/internal/x/cc-fu/tiled-map.
17:54:45 debug: Resolve cce:/internal/x/cc-fu/tween from cce:/internal/x/cc as external dependency cce:/internal/x/cc-fu/tween.
17:54:45 debug: Resolve cce:/internal/x/cc-fu/ui from cce:/internal/x/cc as external dependency cce:/internal/x/cc-fu/ui.
17:54:45 debug: Resolve cce:/internal/x/cc-fu/video from cce:/internal/x/cc as external dependency cce:/internal/x/cc-fu/video.
17:54:45 debug: Resolve cce:/internal/x/cc-fu/webview from cce:/internal/x/cc as external dependency cce:/internal/x/cc-fu/webview.
17:54:45 debug: Inspect cce:/internal/x/prerequisite-imports
17:54:45 debug: Resolve file:///D:/CocosCreator/CocosCreator3.8.3/Creator/3.8.3/resources/resources/3d/engine/editor/assets/tools/debug-view-runtime-control.ts from cce:/internal/x/prerequisite-imports as file:///D:/CocosCreator/CocosCreator3.8.3/Creator/3.8.3/resources/resources/3d/engine/editor/assets/tools/debug-view-runtime-control.ts.
17:54:45 debug: Inspect file:///D:/CocosCreator/CocosCreator3.8.3/Creator/3.8.3/resources/resources/3d/engine/editor/assets/tools/debug-view-runtime-control.ts
17:54:45 debug: Resolve cc from file:///D:/CocosCreator/CocosCreator3.8.3/Creator/3.8.3/resources/resources/3d/engine/editor/assets/tools/debug-view-runtime-control.ts as cce:/internal/x/cc.
17:54:45 debug: Resolve cc from file:///D:/CocosCreator/CocosCreator3.8.3/Creator/3.8.3/resources/resources/3d/engine/editor/assets/tools/debug-view-runtime-control.ts as cce:/internal/x/cc.
17:54:45 debug: Resolve cc from file:///D:/CocosCreator/CocosCreator3.8.3/Creator/3.8.3/resources/resources/3d/engine/editor/assets/tools/debug-view-runtime-control.ts as cce:/internal/x/cc.
17:54:45 debug: Target(preview) ends with cost 296.7668000012636ms.
17:54:51 debug: Pulling asset-db.
17:54:52 debug: Fetch asset-db cost: 1253.7734000012279ms.
17:54:52 debug: Build iteration starts.
Number of accumulated asset changes: 1
Feature changed: false
17:54:52 debug: Target(editor) build started.
17:54:52 debug: Detected change: cce:/internal/x/prerequisite-imports. Last mtime: Thu Jan 01 1970 08:00:45 GMT+0800 (中国标准时间), Current mtime: Thu Jan 01 1970 08:00:53 GMT+0800 (中国标准时间)
17:54:52 debug: Inspect cce:/internal/x/prerequisite-imports
17:54:52 debug: Resolve file:///D:/CocosCreator/CocosCreator3.8.3/Creator/3.8.3/resources/resources/3d/engine/editor/assets/tools/debug-view-runtime-control.ts from cce:/internal/x/prerequisite-imports as file:///D:/CocosCreator/CocosCreator3.8.3/Creator/3.8.3/resources/resources/3d/engine/editor/assets/tools/debug-view-runtime-control.ts.
17:54:52 debug: Target(editor) ends with cost 37.054900001734495ms.
17:54:52 debug: Target(preview) build started.
17:54:52 debug: Detected change: cce:/internal/x/prerequisite-imports. Last mtime: Thu Jan 01 1970 08:00:45 GMT+0800 (中国标准时间), Current mtime: Thu Jan 01 1970 08:00:53 GMT+0800 (中国标准时间)
17:54:52 debug: Inspect cce:/internal/x/prerequisite-imports
17:54:52 debug: Resolve file:///D:/CocosCreator/CocosCreator3.8.3/Creator/3.8.3/resources/resources/3d/engine/editor/assets/tools/debug-view-runtime-control.ts from cce:/internal/x/prerequisite-imports as file:///D:/CocosCreator/CocosCreator3.8.3/Creator/3.8.3/resources/resources/3d/engine/editor/assets/tools/debug-view-runtime-control.ts.
17:54:52 debug: Target(preview) ends with cost 45.47789999842644ms.
17:55:15 debug: Dispatch build request for time accumulated 3 asset changes.
17:55:15 debug: Build iteration starts.
Number of accumulated asset changes: 3
Feature changed: false
17:55:15 debug: Target(editor) build started.
17:55:15 debug: Detected change: cce:/internal/x/prerequisite-imports. Last mtime: Thu Jan 01 1970 08:00:53 GMT+0800 (中国标准时间), Current mtime: Thu Jan 01 1970 08:01:15 GMT+0800 (中国标准时间)
17:55:15 debug: Inspect cce:/internal/x/prerequisite-imports
17:55:15 debug: Resolve file:///D:/CocosCreator/CocosCreator3.8.3/Creator/3.8.3/resources/resources/3d/engine/editor/assets/tools/debug-view-runtime-control.ts from cce:/internal/x/prerequisite-imports as file:///D:/CocosCreator/CocosCreator3.8.3/Creator/3.8.3/resources/resources/3d/engine/editor/assets/tools/debug-view-runtime-control.ts.
17:55:15 debug: Resolve file:///D:/CocosCreator/VideoProject/assets/Script/AssetManagerVideoPlayer.ts from cce:/internal/x/prerequisite-imports as file:///D:/CocosCreator/VideoProject/assets/Script/AssetManagerVideoPlayer.ts.
17:55:15 debug: Inspect file:///D:/CocosCreator/VideoProject/assets/Script/AssetManagerVideoPlayer.ts
17:55:15 debug: Resolve cc from file:///D:/CocosCreator/VideoProject/assets/Script/AssetManagerVideoPlayer.ts as cce:/internal/x/cc.
17:55:15 debug: Resolve cc from file:///D:/CocosCreator/VideoProject/assets/Script/AssetManagerVideoPlayer.ts as cce:/internal/x/cc.
17:55:15 debug: Resolve cc from file:///D:/CocosCreator/VideoProject/assets/Script/AssetManagerVideoPlayer.ts as cce:/internal/x/cc.
17:55:15 debug: Resolve file:///D:/CocosCreator/VideoProject/assets/Script/VideoController.ts from cce:/internal/x/prerequisite-imports as file:///D:/CocosCreator/VideoProject/assets/Script/VideoController.ts.
17:55:15 debug: Inspect file:///D:/CocosCreator/VideoProject/assets/Script/VideoController.ts
17:55:15 debug: Resolve cc from file:///D:/CocosCreator/VideoProject/assets/Script/VideoController.ts as cce:/internal/x/cc.
17:55:15 debug: Resolve cc from file:///D:/CocosCreator/VideoProject/assets/Script/VideoController.ts as cce:/internal/x/cc.
17:55:15 debug: Resolve cc from file:///D:/CocosCreator/VideoProject/assets/Script/VideoController.ts as cce:/internal/x/cc.
17:55:15 debug: Resolve file:///D:/CocosCreator/VideoProject/assets/Script/VideoPlayerController.ts from cce:/internal/x/prerequisite-imports as file:///D:/CocosCreator/VideoProject/assets/Script/VideoPlayerController.ts.
17:55:15 debug: Inspect file:///D:/CocosCreator/VideoProject/assets/Script/VideoPlayerController.ts
17:55:15 debug: Resolve cc from file:///D:/CocosCreator/VideoProject/assets/Script/VideoPlayerController.ts as cce:/internal/x/cc.
17:55:15 debug: Resolve cc from file:///D:/CocosCreator/VideoProject/assets/Script/VideoPlayerController.ts as cce:/internal/x/cc.
17:55:15 debug: Resolve cc from file:///D:/CocosCreator/VideoProject/assets/Script/VideoPlayerController.ts as cce:/internal/x/cc.
17:55:15 debug: Target(editor) ends with cost 266.6020999997854ms.
17:55:15 debug: Target(preview) build started.
17:55:15 debug: Detected change: cce:/internal/x/prerequisite-imports. Last mtime: Thu Jan 01 1970 08:00:53 GMT+0800 (中国标准时间), Current mtime: Thu Jan 01 1970 08:01:15 GMT+0800 (中国标准时间)
17:55:15 debug: Inspect cce:/internal/x/prerequisite-imports
17:55:15 debug: Resolve file:///D:/CocosCreator/CocosCreator3.8.3/Creator/3.8.3/resources/resources/3d/engine/editor/assets/tools/debug-view-runtime-control.ts from cce:/internal/x/prerequisite-imports as file:///D:/CocosCreator/CocosCreator3.8.3/Creator/3.8.3/resources/resources/3d/engine/editor/assets/tools/debug-view-runtime-control.ts.
17:55:15 debug: Resolve file:///D:/CocosCreator/VideoProject/assets/Script/AssetManagerVideoPlayer.ts from cce:/internal/x/prerequisite-imports as file:///D:/CocosCreator/VideoProject/assets/Script/AssetManagerVideoPlayer.ts.
17:55:15 debug: Inspect file:///D:/CocosCreator/VideoProject/assets/Script/AssetManagerVideoPlayer.ts
17:55:15 debug: Resolve cc from file:///D:/CocosCreator/VideoProject/assets/Script/AssetManagerVideoPlayer.ts as cce:/internal/x/cc.
17:55:15 debug: Resolve cc from file:///D:/CocosCreator/VideoProject/assets/Script/AssetManagerVideoPlayer.ts as cce:/internal/x/cc.
17:55:15 debug: Resolve cc from file:///D:/CocosCreator/VideoProject/assets/Script/AssetManagerVideoPlayer.ts as cce:/internal/x/cc.
17:55:15 debug: Resolve file:///D:/CocosCreator/VideoProject/assets/Script/VideoController.ts from cce:/internal/x/prerequisite-imports as file:///D:/CocosCreator/VideoProject/assets/Script/VideoController.ts.
17:55:15 debug: Inspect file:///D:/CocosCreator/VideoProject/assets/Script/VideoController.ts
17:55:15 debug: Resolve cc from file:///D:/CocosCreator/VideoProject/assets/Script/VideoController.ts as cce:/internal/x/cc.
17:55:15 debug: Resolve cc from file:///D:/CocosCreator/VideoProject/assets/Script/VideoController.ts as cce:/internal/x/cc.
17:55:15 debug: Resolve cc from file:///D:/CocosCreator/VideoProject/assets/Script/VideoController.ts as cce:/internal/x/cc.
17:55:15 debug: Resolve file:///D:/CocosCreator/VideoProject/assets/Script/VideoPlayerController.ts from cce:/internal/x/prerequisite-imports as file:///D:/CocosCreator/VideoProject/assets/Script/VideoPlayerController.ts.
17:55:15 debug: Inspect file:///D:/CocosCreator/VideoProject/assets/Script/VideoPlayerController.ts
17:55:15 debug: Resolve cc from file:///D:/CocosCreator/VideoProject/assets/Script/VideoPlayerController.ts as cce:/internal/x/cc.
17:55:15 debug: Resolve cc from file:///D:/CocosCreator/VideoProject/assets/Script/VideoPlayerController.ts as cce:/internal/x/cc.
17:55:15 debug: Resolve cc from file:///D:/CocosCreator/VideoProject/assets/Script/VideoPlayerController.ts as cce:/internal/x/cc.
17:55:15 debug: Target(preview) ends with cost 313.3669000007212ms.
